<?xml version="1.0" encoding="UTF-8"?>
<Site BuildName="(empty)"
	BuildStamp="20221204-0027-Experimental"
	Name="(empty)"
	Generator="ctest-3.24.2"
	CompilerName=""
	CompilerVersion=""
	OSName="macOS"
	Hostname="silvsmac"
	OSRelease="12.6"
	OSVersion="21G115"
	OSPlatform="x86_64"
	Is64Bits="1"
	VendorString=""
	VendorID="Unknown Manufacturer"
	FamilyID="6"
	ModelID="0"
	ProcessorCacheSize="131072"
	NumberOfLogicalCPU="8"
	NumberOfPhysicalCPU="8"
	TotalVirtualMemory="2048"
	TotalPhysicalMemory="16384"
	LogicalProcessorsPerPhysical="8"
	ProcessorClockFrequency="2400"
	>
	<Testing>
		<StartDateTime>Dec 03 19:12 CST</StartDateTime>
		<StartTestTime>1670116329</StartTestTime>
		<TestList>
			<Test>./Test_model_test</Test>
		</TestList>
		<Test Status="passed">
			<Name>Test_model_test</Name>
			<Path>.</Path>
			<FullName>./Test_model_test</FullName>
			<FullCommandLine>/Users/silviafang/Desktop/fall2022/CS\ 211/NUrdle/build/model_test</FullCommandLine>
			<Results>
				<NamedMeasurement type="numeric/double" name="Execution Time">
					<Value>0.674612</Value>
				</NamedMeasurement>
				<NamedMeasurement type="numeric/double" name="Processors">
					<Value>1</Value>
				</NamedMeasurement>
				<NamedMeasurement type="text/string" name="Completion Status">
					<Value>Completed</Value>
				</NamedMeasurement>
				<NamedMeasurement type="text/string" name="Command Line">
					<Value>/Users/silviafang/Desktop/fall2022/CS\ 211/NUrdle/build/model_test</Value>
				</NamedMeasurement>
				<NamedMeasurement type="text/string" name="Environment">
					<Value>#CTEST_RESOURCE_GROUP_COUNT=</Value>
				</NamedMeasurement>
				<Measurement>
					<Value encoding="base64" compression="gzip">eJyztaUq4HLMyVEoSS0uKVYoSCwuTk1R0DAzUACxikoy8/OKFTLzFEzBChSSE4tTizW5uABvwiOb====</Value>
				</Measurement>
			</Results>
		</Test>
		<EndDateTime>Dec 03 19:12 CST</EndDateTime>
		<EndTestTime>1670116330</EndTestTime>
		<ElapsedMinutes>0</ElapsedMinutes>
	</Testing>
</Site>
